mode: set
github.com/infira/involt/backend/cmd/admin/handler.go:49.17,51.42 1 0
github.com/infira/involt/backend/cmd/admin/handler.go:51.42,53.4 1 0
github.com/infira/involt/backend/cmd/admin/handler.go:54.41,55.19 1 0
github.com/infira/involt/backend/cmd/admin/handler.go:55.19,57.5 1 0
github.com/infira/involt/backend/cmd/admin/handler.go:58.4,65.52 4 0
github.com/infira/involt/backend/cmd/admin/handler.go:67.34,69.4 1 0
github.com/infira/involt/backend/cmd/admin/handler.go:72.2,73.16 2 0
github.com/infira/involt/backend/cmd/admin/handler.go:73.16,74.13 1 0
github.com/infira/involt/backend/cmd/admin/handler.go:77.2,85.3 1 0
github.com/infira/involt/backend/cmd/admin/handler.go:88.74,92.9 3 0
github.com/infira/involt/backend/cmd/admin/handler.go:93.72,94.20 1 0
github.com/infira/involt/backend/cmd/admin/handler.go:95.67,96.20 1 0
github.com/infira/involt/backend/cmd/admin/handler.go:97.65,98.19 1 0
github.com/infira/involt/backend/cmd/admin/handler.go:99.40,100.25 1 0
github.com/infira/involt/backend/cmd/admin/handler.go:101.39,102.24 1 0
github.com/infira/involt/backend/cmd/admin/handler.go:103.38,104.23 1 0
github.com/infira/involt/backend/cmd/admin/handler.go:105.38,106.23 1 0
github.com/infira/involt/backend/cmd/admin/handler.go:107.56,108.26 1 0
github.com/infira/involt/backend/cmd/admin/handler.go:109.59,110.25 1 0
github.com/infira/involt/backend/cmd/admin/handler.go:111.60,112.26 1 0
github.com/infira/involt/backend/cmd/admin/handler.go:113.57,114.23 1 0
github.com/infira/involt/backend/cmd/admin/handler.go:115.55,116.29 1 0
github.com/infira/involt/backend/cmd/admin/handler.go:117.42,118.31 1 0
github.com/infira/involt/backend/cmd/admin/handler.go:119.35,120.20 1 0
github.com/infira/involt/backend/cmd/admin/handler.go:121.39,122.23 1 0
github.com/infira/involt/backend/cmd/admin/handler.go:123.38,124.23 1 0
github.com/infira/involt/backend/cmd/admin/handler.go:125.19,126.50 1 0
github.com/infira/involt/backend/cmd/admin/handler.go:127.10,129.22 2 0
github.com/infira/involt/backend/cmd/admin/handler.go:204.53,206.30 2 0
github.com/infira/involt/backend/cmd/admin/handler.go:206.30,208.3 1 0
github.com/infira/involt/backend/cmd/admin/handler.go:209.2,209.14 1 0
github.com/infira/involt/backend/cmd/admin/handler.go:212.52,213.15 1 1
github.com/infira/involt/backend/cmd/admin/handler.go:213.15,215.3 1 0
github.com/infira/involt/backend/cmd/admin/handler.go:216.2,216.15 1 1
github.com/infira/involt/backend/cmd/admin/handler.go:216.15,218.3 1 0
github.com/infira/involt/backend/cmd/admin/handler.go:219.2,219.16 1 1
github.com/infira/involt/backend/cmd/admin/handler.go:219.16,225.3 1 1
github.com/infira/involt/backend/cmd/admin/handler.go:227.2,228.23 2 1
github.com/infira/involt/backend/cmd/admin/handler.go:228.23,230.3 1 1
github.com/infira/involt/backend/cmd/admin/handler.go:232.2,234.17 3 1
github.com/infira/involt/backend/cmd/admin/handler.go:234.17,236.3 1 1
github.com/infira/involt/backend/cmd/admin/handler.go:238.2,239.14 2 1
github.com/infira/involt/backend/cmd/admin/handler.go:239.14,241.3 1 1
github.com/infira/involt/backend/cmd/admin/handler.go:242.2,243.23 2 1
github.com/infira/involt/backend/cmd/admin/handler.go:243.23,245.3 1 1
github.com/infira/involt/backend/cmd/admin/handler.go:247.2,258.3 1 1
github.com/infira/involt/backend/cmd/admin/handler.go:261.74,265.21 3 0
github.com/infira/involt/backend/cmd/admin/handler.go:265.21,272.3 1 0
github.com/infira/involt/backend/cmd/admin/handler.go:274.2,277.25 4 0
github.com/infira/involt/backend/cmd/admin/handler.go:277.25,278.23 1 0
github.com/infira/involt/backend/cmd/admin/handler.go:278.23,280.4 1 0
github.com/infira/involt/backend/cmd/admin/handler.go:280.9,282.4 1 0
github.com/infira/involt/backend/cmd/admin/handler.go:285.2,294.52 2 0
github.com/infira/involt/backend/cmd/admin/handler.go:297.74,302.36 3 0
github.com/infira/involt/backend/cmd/admin/handler.go:302.36,303.43 1 0
github.com/infira/involt/backend/cmd/admin/handler.go:303.43,307.39 3 0
github.com/infira/involt/backend/cmd/admin/handler.go:307.39,309.5 1 0
github.com/infira/involt/backend/cmd/admin/handler.go:310.4,310.52 1 0
github.com/infira/involt/backend/cmd/admin/handler.go:311.9,313.4 1 0
github.com/infira/involt/backend/cmd/admin/handler.go:314.8,316.3 1 0
github.com/infira/involt/backend/cmd/admin/handler.go:318.2,319.30 2 0
github.com/infira/involt/backend/cmd/admin/handler.go:322.74,331.16 5 0
github.com/infira/involt/backend/cmd/admin/handler.go:331.16,334.3 2 0
github.com/infira/involt/backend/cmd/admin/handler.go:337.2,338.28 2 0
github.com/infira/involt/backend/cmd/admin/handler.go:338.28,340.3 1 0
github.com/infira/involt/backend/cmd/admin/handler.go:343.2,347.16 5 0
github.com/infira/involt/backend/cmd/admin/handler.go:347.16,349.3 1 0
github.com/infira/involt/backend/cmd/admin/handler.go:351.2,352.30 2 0
github.com/infira/involt/backend/cmd/admin/handler.go:352.30,353.47 1 0
github.com/infira/involt/backend/cmd/admin/handler.go:353.47,354.12 1 0
github.com/infira/involt/backend/cmd/admin/handler.go:356.3,356.19 1 0
github.com/infira/involt/backend/cmd/admin/handler.go:356.19,360.14 2 0
github.com/infira/involt/backend/cmd/admin/handler.go:360.14,361.13 1 0
github.com/infira/involt/backend/cmd/admin/handler.go:364.3,364.33 1 0
github.com/infira/involt/backend/cmd/admin/handler.go:366.2,369.44 2 0
github.com/infira/involt/backend/cmd/admin/handler.go:369.44,373.3 3 0
github.com/infira/involt/backend/cmd/admin/handler.go:376.2,377.32 2 0
github.com/infira/involt/backend/cmd/admin/handler.go:377.32,379.3 1 0
github.com/infira/involt/backend/cmd/admin/handler.go:382.2,384.30 3 0
github.com/infira/involt/backend/cmd/admin/handler.go:384.30,398.27 5 0
github.com/infira/involt/backend/cmd/admin/handler.go:398.27,409.4 9 0
github.com/infira/involt/backend/cmd/admin/handler.go:409.9,415.4 5 0
github.com/infira/involt/backend/cmd/admin/handler.go:417.3,419.16 3 0
github.com/infira/involt/backend/cmd/admin/handler.go:422.2,424.24 3 0
github.com/infira/involt/backend/cmd/admin/handler.go:424.24,428.3 3 0
github.com/infira/involt/backend/cmd/admin/handler.go:430.2,432.25 3 0
github.com/infira/involt/backend/cmd/admin/handler.go:432.25,433.23 1 0
github.com/infira/involt/backend/cmd/admin/handler.go:433.23,435.4 1 0
github.com/infira/involt/backend/cmd/admin/handler.go:435.9,437.4 1 0
github.com/infira/involt/backend/cmd/admin/handler.go:440.2,441.21 2 0
github.com/infira/involt/backend/cmd/admin/handler.go:441.21,448.3 1 0
github.com/infira/involt/backend/cmd/admin/handler.go:450.2,463.82 2 0
github.com/infira/involt/backend/cmd/admin/handler.go:463.82,466.3 2 0
github.com/infira/involt/backend/cmd/admin/handler.go:468.2,468.60 1 0
github.com/infira/involt/backend/cmd/admin/handler.go:471.73,474.21 3 0
github.com/infira/involt/backend/cmd/admin/handler.go:474.21,481.3 1 0
github.com/infira/involt/backend/cmd/admin/handler.go:483.2,485.25 3 0
github.com/infira/involt/backend/cmd/admin/handler.go:485.25,486.23 1 0
github.com/infira/involt/backend/cmd/admin/handler.go:486.23,488.4 1 0
github.com/infira/involt/backend/cmd/admin/handler.go:488.9,490.4 1 0
github.com/infira/involt/backend/cmd/admin/handler.go:493.2,500.55 2 0
github.com/infira/involt/backend/cmd/admin/handler.go:503.77,504.33 1 0
github.com/infira/involt/backend/cmd/admin/handler.go:504.33,507.3 2 0
github.com/infira/involt/backend/cmd/admin/handler.go:509.2,511.16 3 0
github.com/infira/involt/backend/cmd/admin/handler.go:511.16,514.3 2 0
github.com/infira/involt/backend/cmd/admin/handler.go:516.2,540.16 9 0
github.com/infira/involt/backend/cmd/admin/handler.go:540.16,544.3 3 0
github.com/infira/involt/backend/cmd/admin/handler.go:546.2,546.120 1 0
github.com/infira/involt/backend/cmd/admin/handler.go:549.79,552.16 3 0
github.com/infira/involt/backend/cmd/admin/handler.go:552.16,555.3 2 0
github.com/infira/involt/backend/cmd/admin/handler.go:556.2,556.52 1 0
github.com/infira/involt/backend/cmd/admin/handler.go:559.78,562.18 3 0
github.com/infira/involt/backend/cmd/admin/handler.go:562.18,564.3 1 0
github.com/infira/involt/backend/cmd/admin/handler.go:565.2,566.16 2 0
github.com/infira/involt/backend/cmd/admin/handler.go:566.16,569.3 2 0
github.com/infira/involt/backend/cmd/admin/handler.go:570.2,570.43 1 0
github.com/infira/involt/backend/cmd/admin/handler.go:573.77,576.18 3 0
github.com/infira/involt/backend/cmd/admin/handler.go:576.18,578.3 1 0
github.com/infira/involt/backend/cmd/admin/handler.go:579.2,580.16 2 0
github.com/infira/involt/backend/cmd/admin/handler.go:580.16,583.3 2 0
github.com/infira/involt/backend/cmd/admin/handler.go:584.2,584.43 1 0
github.com/infira/involt/backend/cmd/admin/handler.go:587.77,590.18 3 1
github.com/infira/involt/backend/cmd/admin/handler.go:590.18,592.3 1 0
github.com/infira/involt/backend/cmd/admin/handler.go:594.2,595.16 2 1
github.com/infira/involt/backend/cmd/admin/handler.go:595.16,598.3 2 0
github.com/infira/involt/backend/cmd/admin/handler.go:600.2,601.28 2 1
github.com/infira/involt/backend/cmd/admin/handler.go:601.28,607.16 5 1
github.com/infira/involt/backend/cmd/admin/handler.go:607.16,609.4 1 1
github.com/infira/involt/backend/cmd/admin/handler.go:611.3,618.5 1 1
github.com/infira/involt/backend/cmd/admin/handler.go:621.2,624.16 2 1
github.com/infira/involt/backend/cmd/admin/handler.go:624.16,629.3 2 1
github.com/infira/involt/backend/cmd/admin/handler.go:632.80,638.20 4 0
github.com/infira/involt/backend/cmd/admin/handler.go:638.20,640.45 2 0
github.com/infira/involt/backend/cmd/admin/handler.go:640.45,642.4 1 0
github.com/infira/involt/backend/cmd/admin/handler.go:645.2,645.20 1 0
github.com/infira/involt/backend/cmd/admin/handler.go:645.20,648.3 2 0
github.com/infira/involt/backend/cmd/admin/handler.go:650.2,652.16 3 0
github.com/infira/involt/backend/cmd/admin/handler.go:652.16,655.3 2 0
github.com/infira/involt/backend/cmd/admin/handler.go:657.2,658.16 2 0
github.com/infira/involt/backend/cmd/admin/handler.go:658.16,662.3 3 0
github.com/infira/involt/backend/cmd/admin/handler.go:665.2,665.45 1 0
github.com/infira/involt/backend/cmd/admin/handler.go:665.45,667.47 2 0
github.com/infira/involt/backend/cmd/admin/handler.go:667.47,668.31 1 0
github.com/infira/involt/backend/cmd/admin/handler.go:668.31,670.10 2 0
github.com/infira/involt/backend/cmd/admin/handler.go:673.3,673.15 1 0
github.com/infira/involt/backend/cmd/admin/handler.go:673.15,676.4 2 0
github.com/infira/involt/backend/cmd/admin/handler.go:679.2,680.16 2 0
github.com/infira/involt/backend/cmd/admin/handler.go:680.16,684.3 3 0
github.com/infira/involt/backend/cmd/admin/handler.go:686.2,687.21 2 0
github.com/infira/involt/backend/cmd/admin/handler.go:687.21,689.3 1 0
github.com/infira/involt/backend/cmd/admin/handler.go:691.2,697.32 5 0
github.com/infira/involt/backend/cmd/admin/handler.go:697.32,698.35 1 0
github.com/infira/involt/backend/cmd/admin/handler.go:698.35,700.9 2 0
github.com/infira/involt/backend/cmd/admin/handler.go:704.2,705.28 2 0
github.com/infira/involt/backend/cmd/admin/handler.go:705.28,706.32 1 0
github.com/infira/involt/backend/cmd/admin/handler.go:706.32,708.9 2 0
github.com/infira/involt/backend/cmd/admin/handler.go:712.2,713.16 2 0
github.com/infira/involt/backend/cmd/admin/handler.go:713.16,717.3 3 0
github.com/infira/involt/backend/cmd/admin/handler.go:719.2,721.18 3 0
github.com/infira/involt/backend/cmd/admin/handler.go:724.83,730.20 4 0
github.com/infira/involt/backend/cmd/admin/handler.go:730.20,732.45 2 0
github.com/infira/involt/backend/cmd/admin/handler.go:732.45,734.4 1 0
github.com/infira/involt/backend/cmd/admin/handler.go:737.2,737.20 1 0
github.com/infira/involt/backend/cmd/admin/handler.go:737.20,740.3 2 0
github.com/infira/involt/backend/cmd/admin/handler.go:742.2,744.16 3 0
github.com/infira/involt/backend/cmd/admin/handler.go:744.16,747.3 2 0
github.com/infira/involt/backend/cmd/admin/handler.go:749.2,750.16 2 0
github.com/infira/involt/backend/cmd/admin/handler.go:750.16,754.3 3 0
github.com/infira/involt/backend/cmd/admin/handler.go:756.2,757.16 2 0
github.com/infira/involt/backend/cmd/admin/handler.go:757.16,761.3 3 0
github.com/infira/involt/backend/cmd/admin/handler.go:764.2,764.45 1 0
github.com/infira/involt/backend/cmd/admin/handler.go:764.45,766.47 2 0
github.com/infira/involt/backend/cmd/admin/handler.go:766.47,767.31 1 0
github.com/infira/involt/backend/cmd/admin/handler.go:767.31,769.10 2 0
github.com/infira/involt/backend/cmd/admin/handler.go:772.3,772.15 1 0
github.com/infira/involt/backend/cmd/admin/handler.go:772.15,775.4 2 0
github.com/infira/involt/backend/cmd/admin/handler.go:778.2,779.21 2 0
github.com/infira/involt/backend/cmd/admin/handler.go:779.21,781.3 1 0
github.com/infira/involt/backend/cmd/admin/handler.go:783.2,789.32 5 0
github.com/infira/involt/backend/cmd/admin/handler.go:789.32,790.35 1 0
github.com/infira/involt/backend/cmd/admin/handler.go:790.35,792.9 2 0
github.com/infira/involt/backend/cmd/admin/handler.go:796.2,797.28 2 0
github.com/infira/involt/backend/cmd/admin/handler.go:797.28,798.32 1 0
github.com/infira/involt/backend/cmd/admin/handler.go:798.32,800.9 2 0
github.com/infira/involt/backend/cmd/admin/handler.go:804.2,805.16 2 0
github.com/infira/involt/backend/cmd/admin/handler.go:805.16,809.3 3 0
github.com/infira/involt/backend/cmd/admin/handler.go:811.2,813.18 3 0
github.com/infira/involt/backend/cmd/admin/handler.go:816.85,821.20 3 0
github.com/infira/involt/backend/cmd/admin/handler.go:821.20,823.45 2 0
github.com/infira/involt/backend/cmd/admin/handler.go:823.45,825.4 1 0
github.com/infira/involt/backend/cmd/admin/handler.go:828.2,828.20 1 0
github.com/infira/involt/backend/cmd/admin/handler.go:828.20,831.3 2 0
github.com/infira/involt/backend/cmd/admin/handler.go:833.2,835.16 3 0
github.com/infira/involt/backend/cmd/admin/handler.go:835.16,838.3 2 0
github.com/infira/involt/backend/cmd/admin/handler.go:841.2,842.18 2 0
github.com/infira/involt/backend/cmd/admin/handler.go:842.18,844.3 1 0
github.com/infira/involt/backend/cmd/admin/handler.go:845.2,849.45 3 0
github.com/infira/involt/backend/cmd/admin/handler.go:849.45,850.21 1 0
github.com/infira/involt/backend/cmd/admin/handler.go:850.21,853.48 2 0
github.com/infira/involt/backend/cmd/admin/handler.go:853.48,854.23 1 0
github.com/infira/involt/backend/cmd/admin/handler.go:854.23,856.11 2 0
github.com/infira/involt/backend/cmd/admin/handler.go:859.4,859.16 1 0
github.com/infira/involt/backend/cmd/admin/handler.go:859.16,862.5 2 0
github.com/infira/involt/backend/cmd/admin/handler.go:863.4,863.39 1 0
github.com/infira/involt/backend/cmd/admin/handler.go:864.9,867.32 2 0
github.com/infira/involt/backend/cmd/admin/handler.go:867.32,870.5 2 0
github.com/infira/involt/backend/cmd/admin/handler.go:872.8,872.27 1 0
github.com/infira/involt/backend/cmd/admin/handler.go:872.27,874.3 1 0
github.com/infira/involt/backend/cmd/admin/handler.go:885.2,886.30 2 0
github.com/infira/involt/backend/cmd/admin/handler.go:886.30,888.3 1 0
github.com/infira/involt/backend/cmd/admin/handler.go:888.8,888.36 1 0
github.com/infira/involt/backend/cmd/admin/handler.go:888.36,891.3 1 0
github.com/infira/involt/backend/cmd/admin/handler.go:891.8,891.27 1 0
github.com/infira/involt/backend/cmd/admin/handler.go:891.27,893.3 1 0
github.com/infira/involt/backend/cmd/admin/handler.go:895.2,897.16 3 0
github.com/infira/involt/backend/cmd/admin/handler.go:897.16,901.3 3 0
github.com/infira/involt/backend/cmd/admin/handler.go:902.2,904.24 2 0
github.com/infira/involt/backend/cmd/admin/handler.go:904.24,908.3 3 0
github.com/infira/involt/backend/cmd/admin/handler.go:911.2,912.16 2 0
github.com/infira/involt/backend/cmd/admin/handler.go:912.16,916.3 3 0
github.com/infira/involt/backend/cmd/admin/handler.go:918.2,919.30 2 0
github.com/infira/involt/backend/cmd/admin/handler.go:919.30,921.3 1 0
github.com/infira/involt/backend/cmd/admin/handler.go:924.2,928.32 4 0
github.com/infira/involt/backend/cmd/admin/handler.go:928.32,930.3 1 0
github.com/infira/involt/backend/cmd/admin/handler.go:931.2,932.28 2 0
github.com/infira/involt/backend/cmd/admin/handler.go:932.28,934.3 1 0
github.com/infira/involt/backend/cmd/admin/handler.go:937.2,937.32 1 0
github.com/infira/involt/backend/cmd/admin/handler.go:937.32,940.3 2 0
github.com/infira/involt/backend/cmd/admin/handler.go:943.2,944.16 2 0
github.com/infira/involt/backend/cmd/admin/handler.go:944.16,947.3 2 0
github.com/infira/involt/backend/cmd/admin/handler.go:950.2,951.20 2 0
github.com/infira/involt/backend/cmd/admin/handler.go:951.20,952.30 1 0
github.com/infira/involt/backend/cmd/admin/handler.go:952.30,955.42 3 0
github.com/infira/involt/backend/cmd/admin/handler.go:955.42,957.5 1 0
github.com/infira/involt/backend/cmd/admin/handler.go:958.4,958.60 1 0
github.com/infira/involt/backend/cmd/admin/handler.go:963.2,963.20 1 0
github.com/infira/involt/backend/cmd/admin/handler.go:963.20,966.17 2 0
github.com/infira/involt/backend/cmd/admin/handler.go:966.17,970.4 3 0
github.com/infira/involt/backend/cmd/admin/handler.go:972.3,975.19 4 0
github.com/infira/involt/backend/cmd/admin/handler.go:976.8,981.41 3 0
github.com/infira/involt/backend/cmd/admin/handler.go:981.41,983.19 2 0
github.com/infira/involt/backend/cmd/admin/handler.go:983.19,985.5 1 0
github.com/infira/involt/backend/cmd/admin/handler.go:987.4,988.18 2 0
github.com/infira/involt/backend/cmd/admin/handler.go:988.18,990.13 2 0
github.com/infira/involt/backend/cmd/admin/handler.go:994.4,995.18 2 0
github.com/infira/involt/backend/cmd/admin/handler.go:995.18,996.13 1 0
github.com/infira/involt/backend/cmd/admin/handler.go:998.4,998.20 1 0
github.com/infira/involt/backend/cmd/admin/handler.go:1001.3,1004.23 4 0
github.com/infira/involt/backend/cmd/admin/handler.go:1008.99,1010.34 1 0
github.com/infira/involt/backend/cmd/admin/handler.go:1010.34,1012.3 1 0
github.com/infira/involt/backend/cmd/admin/handler.go:1013.2,1013.32 1 0
github.com/infira/involt/backend/cmd/admin/handler.go:1013.32,1015.3 1 0
github.com/infira/involt/backend/cmd/admin/handler.go:1016.2,1016.37 1 0
github.com/infira/involt/backend/cmd/admin/handler.go:1016.37,1018.16 2 0
github.com/infira/involt/backend/cmd/admin/handler.go:1018.16,1020.4 1 0
github.com/infira/involt/backend/cmd/admin/handler.go:1021.3,1021.65 1 0
github.com/infira/involt/backend/cmd/admin/handler.go:1025.2,1025.27 1 0
github.com/infira/involt/backend/cmd/admin/handler.go:1025.27,1030.3 1 0
github.com/infira/involt/backend/cmd/admin/handler.go:1054.80,1059.16 4 0
github.com/infira/involt/backend/cmd/admin/handler.go:1059.16,1062.3 2 0
github.com/infira/involt/backend/cmd/admin/handler.go:1064.2,1065.40 2 0
github.com/infira/involt/backend/cmd/admin/handler.go:1065.40,1069.3 2 0
github.com/infira/involt/backend/cmd/admin/handler.go:1071.2,1072.21 2 0
github.com/infira/involt/backend/cmd/admin/handler.go:1072.21,1074.3 1 0
github.com/infira/involt/backend/cmd/admin/handler.go:1077.2,1081.32 4 0
github.com/infira/involt/backend/cmd/admin/handler.go:1081.32,1082.35 1 0
github.com/infira/involt/backend/cmd/admin/handler.go:1082.35,1084.9 2 0
github.com/infira/involt/backend/cmd/admin/handler.go:1088.2,1089.28 2 0
github.com/infira/involt/backend/cmd/admin/handler.go:1089.28,1090.32 1 0
github.com/infira/involt/backend/cmd/admin/handler.go:1090.32,1092.9 2 0
github.com/infira/involt/backend/cmd/admin/handler.go:1096.2,1106.60 3 0
github.com/infira/involt/backend/cmd/admin/handler.go:1109.79,1114.16 4 0
github.com/infira/involt/backend/cmd/admin/handler.go:1114.16,1117.3 2 0
github.com/infira/involt/backend/cmd/admin/handler.go:1119.2,1126.32 5 0
github.com/infira/involt/backend/cmd/admin/handler.go:1126.32,1127.35 1 0
github.com/infira/involt/backend/cmd/admin/handler.go:1127.35,1129.9 2 0
github.com/infira/involt/backend/cmd/admin/handler.go:1133.2,1134.28 2 0
github.com/infira/involt/backend/cmd/admin/handler.go:1134.28,1135.32 1 0
github.com/infira/involt/backend/cmd/admin/handler.go:1135.32,1137.9 2 0
github.com/infira/involt/backend/cmd/admin/handler.go:1141.2,1148.59 2 0
github.com/infira/involt/backend/cmd/admin/handler.go:1151.77,1156.16 4 0
github.com/infira/involt/backend/cmd/admin/handler.go:1156.16,1159.3 2 0
github.com/infira/involt/backend/cmd/admin/handler.go:1161.2,1170.57 4 0
github.com/infira/involt/backend/cmd/admin/handler.go:1173.77,1174.33 1 0
github.com/infira/involt/backend/cmd/admin/handler.go:1174.33,1177.3 2 0
github.com/infira/involt/backend/cmd/admin/handler.go:1179.2,1181.16 3 0
github.com/infira/involt/backend/cmd/admin/handler.go:1181.16,1184.3 2 0
github.com/infira/involt/backend/cmd/admin/handler.go:1186.2,1188.16 3 0
github.com/infira/involt/backend/cmd/admin/handler.go:1188.16,1191.3 2 0
github.com/infira/involt/backend/cmd/admin/handler.go:1194.2,1208.16 12 0
github.com/infira/involt/backend/cmd/admin/handler.go:1208.16,1212.3 3 0
github.com/infira/involt/backend/cmd/admin/handler.go:1215.2,1216.30 2 0
github.com/infira/involt/backend/cmd/server/main.go:25.13,28.17 2 0
github.com/infira/involt/backend/cmd/server/main.go:28.17,30.3 1 0
github.com/infira/involt/backend/cmd/server/main.go:32.2,34.25 3 0
github.com/infira/involt/backend/cmd/server/main.go:34.25,36.17 2 0
github.com/infira/involt/backend/cmd/server/main.go:36.17,37.9 1 0
github.com/infira/involt/backend/cmd/server/main.go:39.3,40.30 2 0
github.com/infira/involt/backend/cmd/server/main.go:43.2,43.16 1 0
github.com/infira/involt/backend/cmd/server/main.go:43.16,45.3 1 0
github.com/infira/involt/backend/cmd/server/main.go:46.2,59.21 10 0
github.com/infira/involt/backend/cmd/server/main.go:59.21,61.3 1 0
github.com/infira/involt/backend/cmd/server/main.go:63.2,83.79 11 0
github.com/infira/involt/backend/cmd/server/main.go:83.79,84.19 1 0
github.com/infira/involt/backend/cmd/server/main.go:85.23,86.37 1 0
github.com/infira/involt/backend/cmd/server/main.go:87.23,88.40 1 0
github.com/infira/involt/backend/cmd/server/main.go:89.11,90.68 1 0
github.com/infira/involt/backend/cmd/server/main.go:95.2,95.67 1 0
github.com/infira/involt/backend/cmd/server/main.go:95.67,96.24 1 0
github.com/infira/involt/backend/cmd/server/main.go:96.24,99.19 2 0
github.com/infira/involt/backend/cmd/server/main.go:99.19,101.5 1 0
github.com/infira/involt/backend/cmd/server/main.go:102.4,104.10 3 0
github.com/infira/involt/backend/cmd/server/main.go:106.3,106.22 1 0
github.com/infira/involt/backend/cmd/server/main.go:110.2,129.16 8 0
github.com/infira/involt/backend/cmd/server/main.go:129.16,131.3 1 0
github.com/infira/involt/backend/cmd/server/main.go:134.32,141.39 2 1
github.com/infira/involt/backend/cmd/server/main.go:141.39,143.33 2 1
github.com/infira/involt/backend/cmd/server/main.go:143.33,145.4 1 1
github.com/infira/involt/backend/cmd/server/main.go:148.2,148.20 1 0
github.com/infira/involt/backend/internal/adapters/pdf/maroto_generator.go:27.44,29.2 1 1
github.com/infira/involt/backend/internal/adapters/pdf/maroto_generator.go:31.178,43.16 5 1
github.com/infira/involt/backend/internal/adapters/pdf/maroto_generator.go:43.16,45.3 1 0
github.com/infira/involt/backend/internal/adapters/pdf/maroto_generator.go:47.2,47.46 1 1
github.com/infira/involt/backend/internal/adapters/pdf/maroto_generator.go:50.171,51.24 1 1
github.com/infira/involt/backend/internal/adapters/pdf/maroto_generator.go:51.24,53.3 1 0
github.com/infira/involt/backend/internal/adapters/pdf/maroto_generator.go:55.2,63.29 3 1
github.com/infira/involt/backend/internal/adapters/pdf/maroto_generator.go:63.29,65.22 2 1
github.com/infira/involt/backend/internal/adapters/pdf/maroto_generator.go:65.22,67.4 1 0
github.com/infira/involt/backend/internal/adapters/pdf/maroto_generator.go:68.3,71.44 2 1
github.com/infira/involt/backend/internal/adapters/pdf/maroto_generator.go:71.44,75.4 1 0
github.com/infira/involt/backend/internal/adapters/pdf/maroto_generator.go:75.9,77.4 1 1
github.com/infira/involt/backend/internal/adapters/pdf/maroto_generator.go:80.2,81.16 2 1
github.com/infira/involt/backend/internal/adapters/pdf/maroto_generator.go:81.16,83.3 1 0
github.com/infira/involt/backend/internal/adapters/pdf/maroto_generator.go:85.2,85.46 1 1
github.com/infira/involt/backend/internal/adapters/pdf/maroto_generator.go:88.168,222.2 14 1
github.com/infira/involt/backend/internal/adapters/pdf/maroto_generator.go:224.74,229.16 4 1
github.com/infira/involt/backend/internal/adapters/pdf/maroto_generator.go:229.16,231.3 1 0
github.com/infira/involt/backend/internal/adapters/pdf/maroto_generator.go:233.2,234.16 2 1
github.com/infira/involt/backend/internal/adapters/pdf/maroto_generator.go:234.16,236.3 1 0
github.com/infira/involt/backend/internal/adapters/pdf/maroto_generator.go:238.2,238.25 1 1
github.com/infira/involt/backend/internal/adapters/pdf/maroto_generator.go:241.37,242.16 1 1
github.com/infira/involt/backend/internal/adapters/pdf/maroto_generator.go:242.16,244.3 1 1
github.com/infira/involt/backend/internal/adapters/pdf/maroto_generator.go:245.2,245.31 1 1
github.com/infira/involt/backend/internal/adapters/pdf/maroto_generator.go:248.42,249.16 1 1
github.com/infira/involt/backend/internal/adapters/pdf/maroto_generator.go:249.16,251.3 1 1
github.com/infira/involt/backend/internal/adapters/pdf/maroto_generator.go:252.2,252.31 1 1
github.com/infira/involt/backend/internal/domain/mappers.go:10.54,11.14 1 1
github.com/infira/involt/backend/internal/domain/mappers.go:11.14,13.3 1 0
github.com/infira/involt/backend/internal/domain/mappers.go:14.2,42.3 5 1
github.com/infira/involt/backend/internal/domain/mappers.go:46.54,47.14 1 0
github.com/infira/involt/backend/internal/domain/mappers.go:47.14,49.3 1 0
github.com/infira/involt/backend/internal/domain/mappers.go:50.2,73.3 1 0
github.com/infira/involt/backend/internal/domain/mappers.go:77.57,78.14 1 1
github.com/infira/involt/backend/internal/domain/mappers.go:78.14,80.3 1 0
github.com/infira/involt/backend/internal/domain/mappers.go:82.2,83.75 2 1
github.com/infira/involt/backend/internal/domain/mappers.go:83.75,85.3 1 1
github.com/infira/involt/backend/internal/domain/mappers.go:87.2,104.3 2 1
github.com/infira/involt/backend/internal/domain/mappers.go:108.57,109.14 1 0
github.com/infira/involt/backend/internal/domain/mappers.go:109.14,111.3 1 0
github.com/infira/involt/backend/internal/domain/mappers.go:113.2,114.49 2 0
github.com/infira/involt/backend/internal/domain/mappers.go:114.49,116.3 1 0
github.com/infira/involt/backend/internal/domain/mappers.go:118.2,133.3 1 0
